\BOOKMARK [1][-]{section.1}{Introducci\363n}{}% 1
\BOOKMARK [2][-]{subsection.1.1}{\277Por qu\351 estos dos c\363digos?}{section.1}% 2
\BOOKMARK [2][-]{subsection.1.2}{Hip\363tesis}{section.1}% 3
\BOOKMARK [1][-]{section.2}{Diferencias entre los c\363digos}{}% 4
\BOOKMARK [2][-]{subsection.2.1}{Generalidades y \341mbitos de aplicaci\363n}{section.2}% 5
\BOOKMARK [2][-]{subsection.2.2}{Principios b\341sicos}{section.2}% 6
\BOOKMARK [2][-]{subsection.2.3}{Objetividad y subjetividad}{section.2}% 7
\BOOKMARK [2][-]{subsection.2.4}{Relaciones con las organizaciones}{section.2}% 8
\BOOKMARK [2][-]{subsection.2.5}{Relaciones con las instituciones, centros o establecimientos donde se desempe\361a la profesi\363n}{section.2}% 9
\BOOKMARK [2][-]{subsection.2.6}{Publicidad}{section.2}% 10
\BOOKMARK [2][-]{subsection.2.7}{Relaciones entre empleados y usuarios}{section.2}% 11
\BOOKMARK [2][-]{subsection.2.8}{Relaciones con la sociedad y las administraciones p\372blicas}{section.2}% 12
\BOOKMARK [2][-]{subsection.2.9}{Calidad en la dispensaci\363n y otros servicios profesionales}{section.2}% 13
\BOOKMARK [2][-]{subsection.2.10}{Comunicaci\363n y el uso de las nuevas tecnolog\355as}{section.2}% 14
\BOOKMARK [2][-]{subsection.2.11}{Relaciones entre profesionales}{section.2}% 15
\BOOKMARK [2][-]{subsection.2.12}{Objeci\363n de conciencia}{section.2}% 16
\BOOKMARK [2][-]{subsection.2.13}{Docencia}{section.2}% 17
\BOOKMARK [1][-]{section.3}{Conclusiones}{}% 18
\BOOKMARK [2][-]{subsection.3.1}{Refutaci\363n y confirmaci\363n de hip\363tesis}{section.3}% 19
\BOOKMARK [1][-]{section.4}{Propuestas}{}% 20
\BOOKMARK [1][-]{section*.2}{Anexos}{}% 21
